"../../../Engine/Content/EngineMaterials/T_Default_Material_Grid_N.uasset" 0
"../../../Engine/Content/EngineMaterials/T_Default_Material_Grid_N.uexp" 1
"../../../Engine/Content/EngineMaterials/T_Default_Material_Grid_N.ubulk" 2
"../../../Engine/Content/EngineMaterials/T_Default_Material_Grid_M.uasset" 3
"../../../Engine/Content/EngineMaterials/T_Default_Material_Grid_M.uexp" 4
"../../../Engine/Content/EngineMaterials/T_Default_Material_Grid_M.ubulk" 5
"../../../Engine/Content/Functions/Engine_MaterialFunctions01/Opacity/CameraDepthFade.uasset" 6
"../../../Engine/Content/Functions/Engine_MaterialFunctions01/Opacity/CameraDepthFade.uexp" 7
"../../../Engine/Content/EngineMaterials/WorldGridMaterial.uasset" 8
"../../../Engine/Content/EngineMaterials/WorldGridMaterial.uexp" 9
"C:/Users/mario/Documents/MyProjectUA/Content/Placeable/Meshes/antorcha.uasset" 10
"C:/Users/mario/Documents/MyProjectUA/Content/Placeable/Meshes/antorcha.uexp" 11
"../../../Engine/Content/Tutorial/SubEditors/TutorialAssets/T_soft_smoke.uasset" 12
"../../../Engine/Content/Tutorial/SubEditors/TutorialAssets/T_soft_smoke.uexp" 13
"../../../Engine/Content/Tutorial/SubEditors/TutorialAssets/T_soft_smoke.ubulk" 14
"../../../Engine/Content/Tutorial/SubEditors/TutorialAssets/T_SmokeSubUV_8X8.uasset" 15
"../../../Engine/Content/Tutorial/SubEditors/TutorialAssets/T_SmokeSubUV_8X8.uexp" 16
"../../../Engine/Content/Tutorial/SubEditors/TutorialAssets/T_SmokeSubUV_8X8.ubulk" 17
"../../../Engine/Content/Tutorial/SubEditors/TutorialAssets/M_smoke_subUV_blackbody.uasset" 18
"../../../Engine/Content/Tutorial/SubEditors/TutorialAssets/M_smoke_subUV_blackbody.uexp" 19
"../../../Engine/Content/Tutorial/SubEditors/TutorialAssets/TutorialParticleSystem.uasset" 20
"../../../Engine/Content/Tutorial/SubEditors/TutorialAssets/TutorialParticleSystem.uexp" 21
"C:/Users/mario/Documents/MyProjectUA/Content/Placeable/Interface/BI_Interactable.uasset" 22
"C:/Users/mario/Documents/MyProjectUA/Content/Placeable/Interface/BI_Interactable.uexp" 23
"C:/Users/mario/Documents/MyProjectUA/Content/Placeable/BP_Furniture.uasset" 24
"C:/Users/mario/Documents/MyProjectUA/Content/Placeable/BP_Furniture.uexp" 25
"C:/Users/mario/Documents/MyProjectUA/Content/Placeable/BP_Furniture_Antorchas.uasset" 26
"C:/Users/mario/Documents/MyProjectUA/Content/Placeable/BP_Furniture_Antorchas.uexp" 27
"C:/Users/mario/Documents/MyProjectUA/Content/Placeable/Meshes/M_Courtyard_Pillar_D.uasset" 28
"C:/Users/mario/Documents/MyProjectUA/Content/Placeable/Meshes/M_Courtyard_Pillar_D.uexp" 29
"C:/Users/mario/Documents/MyProjectUA/Content/Placeable/Meshes/puerta.uasset" 30
"C:/Users/mario/Documents/MyProjectUA/Content/Placeable/Meshes/puerta.uexp" 31
"C:/Users/mario/Documents/MyProjectUA/Content/Placeable/BP_Furniture_Puerta.uasset" 32
"C:/Users/mario/Documents/MyProjectUA/Content/Placeable/BP_Furniture_Puerta.uexp" 33
"C:/Users/mario/Documents/MyProjectUA/Content/Placeable/Materials/M_Window_Glass.uasset" 34
"C:/Users/mario/Documents/MyProjectUA/Content/Placeable/Materials/M_Window_Glass.uexp" 35
"../../../Engine/Content/ArtTools/RenderToTexture/Meshes/S_1_Unit_Plane.uasset" 36
"../../../Engine/Content/ArtTools/RenderToTexture/Meshes/S_1_Unit_Plane.uexp" 37
"../../../Engine/Content/EngineMaterials/DefaultMaterial.uasset" 38
"../../../Engine/Content/EngineMaterials/DefaultMaterial.uexp" 39
"../../../Engine/Content/BasicShapes/Cone.uasset" 40
"../../../Engine/Content/BasicShapes/Cone.uexp" 41
"../../../Engine/Content/BasicShapes/Cube.uasset" 42
"../../../Engine/Content/BasicShapes/Cube.uexp" 43
"../../../Engine/Content/BasicShapes/Plane.uasset" 44
"../../../Engine/Content/BasicShapes/Plane.uexp" 45
"../../../Engine/Content/BasicShapes/Sphere.uasset" 46
"../../../Engine/Content/BasicShapes/Sphere.uexp" 47
"../../../Engine/Content/EditorLandscapeResources/DataLayer.uasset" 48
"../../../Engine/Content/EditorLandscapeResources/DataLayer.uexp" 49
"../../../Engine/Content/EditorLandscapeResources/DefaultAlphaTexture.uasset" 50
"../../../Engine/Content/EditorLandscapeResources/DefaultAlphaTexture.uexp" 51
"../../../Engine/Content/EditorMaterials/MAT_Groups_Toggle.uasset" 52
"../../../Engine/Content/EditorMaterials/MAT_Groups_Toggle.uexp" 53
"../../../Engine/Content/EditorMaterials/MAT_Groups_Visibility.uasset" 54
"../../../Engine/Content/EditorMaterials/MAT_Groups_Visibility.uexp" 55
"../../../Engine/Content/EditorMaterials/PreviewShadowIndicator.uasset" 56
"../../../Engine/Content/EditorMaterials/PreviewShadowIndicator.uexp" 57
"../../../Engine/Content/EditorMaterials/PreviewShadowIndicator.ubulk" 58
"../../../Engine/Content/EditorMaterials/PreviewShadowIndicatorMaterial.uasset" 59
"../../../Engine/Content/EditorMaterials/PreviewShadowIndicatorMaterial.uexp" 60
"../../../Engine/Content/EditorMaterials/MatineeGroups/MAT_ColorTrack.uasset" 61
"../../../Engine/Content/EditorMaterials/MatineeGroups/MAT_ColorTrack.uexp" 62
"../../../Engine/Content/EditorMaterials/MatineeGroups/MAT_Groups_Anim.uasset" 63
"../../../Engine/Content/EditorMaterials/MatineeGroups/MAT_Groups_Anim.uexp" 64
"../../../Engine/Content/EditorMaterials/MatineeGroups/MAT_Groups_AudioMaster.uasset" 65
"../../../Engine/Content/EditorMaterials/MatineeGroups/MAT_Groups_AudioMaster.uexp" 66
"../../../Engine/Content/EditorMaterials/MatineeGroups/MAT_Groups_Director.uasset" 67
"../../../Engine/Content/EditorMaterials/MatineeGroups/MAT_Groups_Director.uexp" 68
"../../../Engine/Content/EditorMaterials/MatineeGroups/MAT_Groups_Event.uasset" 69
"../../../Engine/Content/EditorMaterials/MatineeGroups/MAT_Groups_Event.uexp" 70
"../../../Engine/Content/EditorMaterials/MatineeGroups/MAT_Groups_Fade.uasset" 71
"../../../Engine/Content/EditorMaterials/MatineeGroups/MAT_Groups_Fade.uexp" 72
"../../../Engine/Content/EditorMaterials/MatineeGroups/MAT_Groups_Float.uasset" 73
"../../../Engine/Content/EditorMaterials/MatineeGroups/MAT_Groups_Float.uexp" 74
"../../../Engine/Content/EditorMaterials/MatineeGroups/MAT_Groups_Move.uasset" 75
"../../../Engine/Content/EditorMaterials/MatineeGroups/MAT_Groups_Move.uexp" 76
"../../../Engine/Content/EditorMaterials/MatineeGroups/MAT_Groups_Slomo.uasset" 77
"../../../Engine/Content/EditorMaterials/MatineeGroups/MAT_Groups_Slomo.uexp" 78
"../../../Engine/Content/EditorMaterials/MatineeGroups/MAT_Groups_Sound.uasset" 79
"../../../Engine/Content/EditorMaterials/MatineeGroups/MAT_Groups_Sound.uexp" 80
"../../../Engine/Content/EditorMaterials/MatineeGroups/MAT_Groups_Vector.uasset" 81
"../../../Engine/Content/EditorMaterials/MatineeGroups/MAT_Groups_Vector.uexp" 82
"../../../Engine/Content/EditorMaterials/ParticleSystems/PSysThumbnail_NoImage.uasset" 83
"../../../Engine/Content/EditorMaterials/ParticleSystems/PSysThumbnail_NoImage.uexp" 84
"../../../Engine/Content/EditorMaterials/ParticleSystems/PSysThumbnail_NoImage.ubulk" 85
"../../../Engine/Content/EditorMaterials/ParticleSystems/PSysThumbnail_OOD.uasset" 86
"../../../Engine/Content/EditorMaterials/ParticleSystems/PSysThumbnail_OOD.uexp" 87
"../../../Engine/Content/EditorMaterials/ParticleSystems/PSysThumbnail_OOD.ubulk" 88
"../../../Engine/Content/EditorMaterials/Camera/CineMat.uasset" 89
"../../../Engine/Content/EditorMaterials/Camera/CineMat.uexp" 90
"../../../Engine/Content/EditorMaterials/Camera/MI_CineMat_Rig.uasset" 91
"../../../Engine/Content/EditorMaterials/Camera/MI_CineMat_Rig.uexp" 92
"../../../Engine/Content/EditorMeshes/Camera/SM_CraneRig_Arm.uasset" 93
"../../../Engine/Content/EditorMeshes/Camera/SM_CraneRig_Arm.uexp" 94
"../../../Engine/Content/EditorMeshes/Camera/SM_CraneRig_Base.uasset" 95
"../../../Engine/Content/EditorMeshes/Camera/SM_CraneRig_Base.uexp" 96
"../../../Engine/Content/EditorMeshes/Camera/SM_CraneRig_Body.uasset" 97
"../../../Engine/Content/EditorMeshes/Camera/SM_CraneRig_Body.uexp" 98
"../../../Engine/Content/EditorMeshes/Camera/SM_CraneRig_Mount.uasset" 99
"../../../Engine/Content/EditorMeshes/Camera/SM_CraneRig_Mount.uexp" 100
"../../../Engine/Content/EditorMeshes/Camera/SM_RailRig_Mount.uasset" 101
"../../../Engine/Content/EditorMeshes/Camera/SM_RailRig_Mount.uexp" 102
"../../../Engine/Content/EditorMeshes/Camera/SM_RailRig_Track.uasset" 103
"../../../Engine/Content/EditorMeshes/Camera/SM_RailRig_Track.uexp" 104
"../../../Engine/Content/EditorResources/BSPVertex.uasset" 105
"../../../Engine/Content/EditorResources/BSPVertex.uexp" 106
"../../../Engine/Content/EditorResources/EmptyActor.uasset" 107
"../../../Engine/Content/EditorResources/EmptyActor.uexp" 108
"../../../Engine/Content/EditorResources/S_Actor.uasset" 109
"../../../Engine/Content/EditorResources/S_Actor.uexp" 110
"../../../Engine/Content/EditorResources/S_Actor.ubulk" 111
"../../../Engine/Content/EditorResources/S_Note.uasset" 112
"../../../Engine/Content/EditorResources/S_Note.uexp" 113
"../../../Engine/Content/EditorResources/S_Note.ubulk" 114
"../../../Engine/Content/EditorResources/S_Solver.uasset" 115
"../../../Engine/Content/EditorResources/S_Solver.uexp" 116
"../../../Engine/Content/EditorResources/S_Solver.ubulk" 117
"../../../Engine/Content/EditorResources/S_Terrain.uasset" 118
"../../../Engine/Content/EditorResources/S_Terrain.uexp" 119
"../../../Engine/Content/EditorResources/S_Terrain.ubulk" 120
"../../../Engine/Content/EditorResources/S_Trigger.uasset" 121
"../../../Engine/Content/EditorResources/S_Trigger.uexp" 122
"../../../Engine/Content/EditorResources/S_Trigger.ubulk" 123
"../../../Engine/Content/EditorResources/LightIcons/S_LightError.uasset" 124
"../../../Engine/Content/EditorResources/LightIcons/S_LightError.uexp" 125
"../../../Engine/Content/EditorResources/SequenceRecorder/Countdown.uasset" 126
"../../../Engine/Content/EditorResources/SequenceRecorder/Countdown.uexp" 127
"../../../Engine/Content/EditorResources/SequenceRecorder/RecordingIndicator.uasset" 128
"../../../Engine/Content/EditorResources/SequenceRecorder/RecordingIndicator.uexp" 129
"../../../Engine/Content/EngineDamageTypes/DmgTypeBP_Environmental.uasset" 130
"../../../Engine/Content/EngineDamageTypes/DmgTypeBP_Environmental.uexp" 131
"../../../Engine/Content/EngineDebugMaterials/DebugEditorMaterial.uasset" 132
"../../../Engine/Content/EngineDebugMaterials/DebugEditorMaterial.uexp" 133
"../../../Engine/Content/EngineDebugMaterials/DebugMeshMaterial.uasset" 134
"../../../Engine/Content/EngineDebugMaterials/DebugMeshMaterial.uexp" 135
"../../../Engine/Content/EngineDebugMaterials/M_SimpleUnlitTranslucent.uasset" 136
"../../../Engine/Content/EngineDebugMaterials/M_SimpleUnlitTranslucent.uexp" 137
"../../../Engine/Content/EngineDebugMaterials/VolumeToRender.uasset" 138
"../../../Engine/Content/EngineDebugMaterials/VolumeToRender.uexp" 139
"../../../Engine/Content/Functions/Engine_MaterialFunctions02/Utility/CameraDirectionVector.uasset" 140
"../../../Engine/Content/Functions/Engine_MaterialFunctions02/Utility/CameraDirectionVector.uexp" 141
"../../../Engine/Content/EngineDebugMaterials/M_VolumeRenderSphereTracePP.uasset" 142
"../../../Engine/Content/EngineDebugMaterials/M_VolumeRenderSphereTracePP.uexp" 143
"../../../Engine/Content/Functions/Engine_MaterialFunctions01/Shading/ConvertFromDiffSpec.uasset" 144
"../../../Engine/Content/Functions/Engine_MaterialFunctions01/Shading/ConvertFromDiffSpec.uexp" 145
"../../../Engine/Content/EngineDebugMaterials/VertexColorMaterial.uasset" 146
"../../../Engine/Content/EngineDebugMaterials/VertexColorMaterial.uexp" 147
"../../../Engine/Content/EngineDebugMaterials/WireframeMaterial.uasset" 148
"../../../Engine/Content/EngineDebugMaterials/WireframeMaterial.uexp" 149
"../../../Engine/Content/EngineFonts/Faces/RobotoRegular.uasset" 150
"../../../Engine/Content/EngineFonts/Faces/RobotoRegular.uexp" 151
"../../../Engine/Content/EngineFonts/Faces/RobotoRegular.ufont" 152
"../../../Engine/Content/EngineFonts/Faces/RobotoLight.uasset" 153
"../../../Engine/Content/EngineFonts/Faces/RobotoLight.uexp" 154
"../../../Engine/Content/EngineFonts/Faces/RobotoLight.ufont" 155
"../../../Engine/Content/EngineFonts/Faces/RobotoItalic.uasset" 156
"../../../Engine/Content/EngineFonts/Faces/RobotoItalic.uexp" 157
"../../../Engine/Content/EngineFonts/Faces/RobotoItalic.ufont" 158
"../../../Engine/Content/EngineFonts/Faces/RobotoBoldItalic.uasset" 159
"../../../Engine/Content/EngineFonts/Faces/RobotoBoldItalic.uexp" 160
"../../../Engine/Content/EngineFonts/Faces/RobotoBoldItalic.ufont" 161
"../../../Engine/Content/EngineFonts/Faces/RobotoBold.uasset" 162
"../../../Engine/Content/EngineFonts/Faces/RobotoBold.uexp" 163
"../../../Engine/Content/EngineFonts/Faces/RobotoBold.ufont" 164
"../../../Engine/Content/EngineFonts/Faces/DroidSansFallback.uasset" 165
"../../../Engine/Content/EngineFonts/Faces/DroidSansFallback.uexp" 166
"../../../Engine/Content/EngineFonts/Faces/DroidSansFallback.ufont" 167
"../../../Engine/Content/EngineFonts/Roboto.uasset" 168
"../../../Engine/Content/EngineFonts/Roboto.uexp" 169
"../../../Engine/Content/EngineMaterials/BaseFlattenNormalMap.uasset" 170
"../../../Engine/Content/EngineMaterials/BaseFlattenNormalMap.uexp" 171
"../../../Engine/Content/EngineMaterials/BaseFlattenGrayscaleMap.uasset" 172
"../../../Engine/Content/EngineMaterials/BaseFlattenGrayscaleMap.uexp" 173
"../../../Engine/Content/EngineMaterials/BaseFlattenEmissiveMap.uasset" 174
"../../../Engine/Content/EngineMaterials/BaseFlattenEmissiveMap.uexp" 175
"../../../Engine/Content/EngineMaterials/BaseFlattenDiffuseMap.uasset" 176
"../../../Engine/Content/EngineMaterials/BaseFlattenDiffuseMap.uexp" 177
"../../../Engine/Content/EngineMaterials/BaseFlattenMaterial.uasset" 178
"../../../Engine/Content/EngineMaterials/BaseFlattenMaterial.uexp" 179
"../../../Engine/Content/EngineMaterials/BlueNoise.uasset" 180
"../../../Engine/Content/EngineMaterials/BlueNoise.uexp" 181
"../../../Engine/Content/EngineMaterials/DefaultBloomKernel.uasset" 182
"../../../Engine/Content/EngineMaterials/DefaultBloomKernel.uexp" 183
"../../../Engine/Content/EngineMaterials/DefaultBokeh.uasset" 184
"../../../Engine/Content/EngineMaterials/DefaultBokeh.uexp" 185
"../../../Engine/Content/EngineMaterials/DefaultDiffuse.uasset" 186
"../../../Engine/Content/EngineMaterials/DefaultDiffuse.uexp" 187
"../../../Engine/Content/EngineMaterials/DefaultDiffuse.ubulk" 188
"../../../Engine/Content/EngineMaterials/DefaultDeferredDecalMaterial.uasset" 189
"../../../Engine/Content/EngineMaterials/DefaultDeferredDecalMaterial.uexp" 190
"../../../Engine/Content/EngineMaterials/DefaultLightFunctionMaterial.uasset" 191
"../../../Engine/Content/EngineMaterials/DefaultLightFunctionMaterial.uexp" 192
"../../../Engine/Content/EngineMaterials/DefaultPhysicalMaterial.uasset" 193
"../../../Engine/Content/EngineMaterials/DefaultPhysicalMaterial.uexp" 194
"../../../Engine/Content/Functions/Engine_MaterialFunctions02/Utility/BreakOutFloat2Components.uasset" 195
"../../../Engine/Content/Functions/Engine_MaterialFunctions02/Utility/BreakOutFloat2Components.uexp" 196
"../../../Engine/Content/EngineMaterials/DefaultPostProcessMaterial.uasset" 197
"../../../Engine/Content/EngineMaterials/DefaultPostProcessMaterial.uexp" 198
"../../../Engine/Content/EngineFonts/RobotoDistanceField.uasset" 199
"../../../Engine/Content/EngineFonts/RobotoDistanceField.uexp" 200
"../../../Engine/Content/EngineMaterials/DefaultTextMaterialOpaque.uasset" 201
"../../../Engine/Content/EngineMaterials/DefaultTextMaterialOpaque.uexp" 202
"../../../Engine/Content/EngineMaterials/DefaultWhiteGrid.uasset" 203
"../../../Engine/Content/EngineMaterials/DefaultWhiteGrid.uexp" 204
"../../../Engine/Content/EngineMaterials/DefaultWhiteGrid.ubulk" 205
"../../../Engine/Content/EngineMaterials/DefaultWhiteGrid_Low.uasset" 206
"../../../Engine/Content/EngineMaterials/DefaultWhiteGrid_Low.uexp" 207
"../../../Engine/Content/EngineMaterials/EmissiveMeshMaterial.uasset" 208
"../../../Engine/Content/EngineMaterials/EmissiveMeshMaterial.uexp" 209
"../../../Engine/Content/EngineMaterials/GizmoMaterial.uasset" 210
"../../../Engine/Content/EngineMaterials/GizmoMaterial.uexp" 211
"../../../Engine/Content/EngineMaterials/Good64x64TilingNoiseHighFreq.uasset" 212
"../../../Engine/Content/EngineMaterials/Good64x64TilingNoiseHighFreq.uexp" 213
"../../../Engine/Content/EngineMaterials/MiniFont.uasset" 214
"../../../Engine/Content/EngineMaterials/MiniFont.uexp" 215
"../../../Engine/Content/EngineMaterials/InvalidLightmapSettings.uasset" 216
"../../../Engine/Content/EngineMaterials/InvalidLightmapSettings.uexp" 217
"../../../Engine/Content/EngineMaterials/InvalidLightmapSettings.ubulk" 218
"../../../Engine/Content/EngineMaterials/M_InvalidLightmapSettings.uasset" 219
"../../../Engine/Content/EngineMaterials/M_InvalidLightmapSettings.uexp" 220
"../../../Engine/Content/Functions/Engine_MaterialFunctions02/WorldPositionOffset/CameraOffset.uasset" 221
"../../../Engine/Content/Functions/Engine_MaterialFunctions02/WorldPositionOffset/CameraOffset.uexp" 222
"../../../Engine/Content/EngineMaterials/PhAT_JointLimitMaterial.uasset" 223
"../../../Engine/Content/EngineMaterials/PhAT_JointLimitMaterial.uexp" 224
"../../../Engine/Content/EngineMaterials/DefaultCalibrationColor.uasset" 225
"../../../Engine/Content/EngineMaterials/DefaultCalibrationColor.uexp" 226
"../../../Engine/Content/EngineMaterials/PPM_DefaultCalibrationColor.uasset" 227
"../../../Engine/Content/EngineMaterials/PPM_DefaultCalibrationColor.uexp" 228
"../../../Engine/Content/EngineMaterials/DefaultCalibrationGrayscale.uasset" 229
"../../../Engine/Content/EngineMaterials/DefaultCalibrationGrayscale.uexp" 230
"../../../Engine/Content/EngineMaterials/PPM_DefaultCalibrationGrayscale.uasset" 231
"../../../Engine/Content/EngineMaterials/PPM_DefaultCalibrationGrayscale.uexp" 232
"../../../Engine/Content/EngineMaterials/PreintegratedSkinBRDF.uasset" 233
"../../../Engine/Content/EngineMaterials/PreintegratedSkinBRDF.uexp" 234
"../../../Engine/Content/EngineMaterials/RemoveSurfaceMaterial.uasset" 235
"../../../Engine/Content/EngineMaterials/RemoveSurfaceMaterial.uexp" 236
"../../../Engine/Content/EngineMaterials/WeightMapPlaceholderTexture.uasset" 237
"../../../Engine/Content/EngineMaterials/WeightMapPlaceholderTexture.uexp" 238
"../../../Engine/Content/EngineResources/WhiteSquareTexture.uasset" 239
"../../../Engine/Content/EngineResources/WhiteSquareTexture.uexp" 240
"../../../Engine/Content/EngineMaterials/Widget3DPassThrough.uasset" 241
"../../../Engine/Content/EngineMaterials/Widget3DPassThrough.uexp" 242
"../../../Engine/Content/EngineMaterials/Widget3DPassThrough_Masked.uasset" 243
"../../../Engine/Content/EngineMaterials/Widget3DPassThrough_Masked.uexp" 244
"../../../Engine/Content/EngineMaterials/Widget3DPassThrough_Opaque.uasset" 245
"../../../Engine/Content/EngineMaterials/Widget3DPassThrough_Opaque.uexp" 246
"../../../Engine/Content/EngineMaterials/Widget3DPassThrough_Masked_OneSided.uasset" 247
"../../../Engine/Content/EngineMaterials/Widget3DPassThrough_Masked_OneSided.uexp" 248
"../../../Engine/Content/EngineMaterials/Widget3DPassThrough_Opaque_OneSided.uasset" 249
"../../../Engine/Content/EngineMaterials/Widget3DPassThrough_Opaque_OneSided.uexp" 250
"../../../Engine/Content/EngineMaterials/Widget3DPassThrough_Translucent.uasset" 251
"../../../Engine/Content/EngineMaterials/Widget3DPassThrough_Translucent.uexp" 252
"../../../Engine/Content/EngineMaterials/Widget3DPassThrough_Translucent_OneSided.uasset" 253
"../../../Engine/Content/EngineMaterials/Widget3DPassThrough_Translucent_OneSided.uexp" 254
"../../../Engine/Content/EngineMeshes/Cylinder.uasset" 255
"../../../Engine/Content/EngineMeshes/Cylinder.uexp" 256
"../../../Engine/Content/EngineMeshes/Sphere.uasset" 257
"../../../Engine/Content/EngineMeshes/Sphere.uexp" 258
"../../../Engine/Content/EngineResources/DefaultTexture.uasset" 259
"../../../Engine/Content/EngineResources/DefaultTexture.uexp" 260
"../../../Engine/Content/EngineResources/DefaultTexture.ubulk" 261
"../../../Engine/Content/EngineResources/DefaultTextureCube.uasset" 262
"../../../Engine/Content/EngineResources/DefaultTextureCube.uexp" 263
"../../../Engine/Content/EngineResources/DefaultVolumeTexture2D.uasset" 264
"../../../Engine/Content/EngineResources/DefaultVolumeTexture2D.uexp" 265
"../../../Engine/Content/EngineResources/DefaultVolumeTexture.uasset" 266
"../../../Engine/Content/EngineResources/DefaultVolumeTexture.uexp" 267
"../../../Engine/Content/EngineResources/GradientTexture0.uasset" 268
"../../../Engine/Content/EngineResources/GradientTexture0.uexp" 269
"../../../Engine/Content/EngineSky/VolumetricClouds/T_NoiseShape64.uasset" 270
"../../../Engine/Content/EngineSky/VolumetricClouds/T_NoiseShape64.uexp" 271
"../../../Engine/Content/EngineSky/VolumetricClouds/T_NoiseShape64.ubulk" 272
"../../../Engine/Content/EngineSky/VolumetricClouds/T_VolumeNoiseShape64.uasset" 273
"../../../Engine/Content/EngineSky/VolumetricClouds/T_VolumeNoiseShape64.uexp" 274
"../../../Engine/Content/EngineSky/VolumetricClouds/T_NoiseErosion.uasset" 275
"../../../Engine/Content/EngineSky/VolumetricClouds/T_NoiseErosion.uexp" 276
"../../../Engine/Content/EngineSky/VolumetricClouds/T_NoiseErosion.ubulk" 277
"../../../Engine/Content/EngineSky/VolumetricClouds/T_VolumeNoiseErosion32.uasset" 278
"../../../Engine/Content/EngineSky/VolumetricClouds/T_VolumeNoiseErosion32.uexp" 279
"../../../Engine/Content/EngineSky/VolumetricClouds/CloudWeatherTexture.uasset" 280
"../../../Engine/Content/EngineSky/VolumetricClouds/CloudWeatherTexture.uexp" 281
"../../../Engine/Content/EngineSky/VolumetricClouds/CloudGradientTexture.uasset" 282
"../../../Engine/Content/EngineSky/VolumetricClouds/CloudGradientTexture.uexp" 283
"../../../Engine/Content/Functions/Engine_MaterialFunctions02/Utility/MakeFloat2.uasset" 284
"../../../Engine/Content/Functions/Engine_MaterialFunctions02/Utility/MakeFloat2.uexp" 285
"../../../Engine/Content/EngineSky/VolumetricClouds/m_SimpleVolumetricCloud.uasset" 286
"../../../Engine/Content/EngineSky/VolumetricClouds/m_SimpleVolumetricCloud.uexp" 287
"../../../Engine/Content/EngineSky/VolumetricClouds/m_SimpleVolumetricCloud_Inst.uasset" 288
"../../../Engine/Content/EngineSky/VolumetricClouds/m_SimpleVolumetricCloud_Inst.uexp" 289
"../../../Engine/Content/EngineSounds/Master.uasset" 290
"../../../Engine/Content/EngineSounds/Master.uexp" 291
"../../../Engine/Content/Functions/Engine_MaterialFunctions01/Shading/PowerToRoughness.uasset" 292
"../../../Engine/Content/Functions/Engine_MaterialFunctions01/Shading/PowerToRoughness.uexp" 293
"../../../Engine/Content/Maps/Templates/Thumbnails/Default.uasset" 294
"../../../Engine/Content/Maps/Templates/Thumbnails/Default.uexp" 295
"../../../Engine/Content/Maps/Templates/Thumbnails/TimeOfDay.uasset" 296
"../../../Engine/Content/Maps/Templates/Thumbnails/TimeOfDay.uexp" 297
"../../../Engine/Content/Maps/Templates/Thumbnails/VR-Basic.uasset" 298
"../../../Engine/Content/Maps/Templates/Thumbnails/VR-Basic.uexp" 299
"../../../Engine/Content/MobileResources/T_MobileControls_texture.uasset" 300
"../../../Engine/Content/MobileResources/T_MobileControls_texture.uexp" 301
"../../../Engine/Content/MobileResources/T_MobileMenu2.uasset" 302
"../../../Engine/Content/MobileResources/T_MobileMenu2.uexp" 303
"../../../Engine/Content/MobileResources/HUD/AnalogHat.uasset" 304
"../../../Engine/Content/MobileResources/HUD/AnalogHat.uexp" 305
"../../../Engine/Content/MobileResources/HUD/VirtualJoystick_Thumb.uasset" 306
"../../../Engine/Content/MobileResources/HUD/VirtualJoystick_Thumb.uexp" 307
"../../../Engine/Content/MobileResources/HUD/VirtualJoystick_Background.uasset" 308
"../../../Engine/Content/MobileResources/HUD/VirtualJoystick_Background.uexp" 309
"../../../Engine/Content/MobileResources/HUD/DefaultVirtualJoysticks.uasset" 310
"../../../Engine/Content/MobileResources/HUD/DefaultVirtualJoysticks.uexp" 311
"../../../Engine/Content/MobileResources/HUD/LeftVirtualJoystickOnly.uasset" 312
"../../../Engine/Content/MobileResources/HUD/LeftVirtualJoystickOnly.uexp" 313
"../../../Engine/Content/MobileResources/HUD/MobileHUDButton1_off.uasset" 314
"../../../Engine/Content/MobileResources/HUD/MobileHUDButton1_off.uexp" 315
"../../../Engine/Content/MobileResources/HUD/MobileHUDButton1_on.uasset" 316
"../../../Engine/Content/MobileResources/HUD/MobileHUDButton1_on.uexp" 317
"../../../Engine/Content/MobileResources/HUD/MobileHUDButton2_off.uasset" 318
"../../../Engine/Content/MobileResources/HUD/MobileHUDButton2_off.uexp" 319
"../../../Engine/Content/MobileResources/HUD/MobileHUDButton2_on.uasset" 320
"../../../Engine/Content/MobileResources/HUD/MobileHUDButton2_on.uexp" 321
"../../../Engine/Content/MobileResources/HUD/MobileHUDButton3.uasset" 322
"../../../Engine/Content/MobileResources/HUD/MobileHUDButton3.uexp" 323
"../../../Engine/Content/MobileResources/HUD/MobileHUDButtonFire.uasset" 324
"../../../Engine/Content/MobileResources/HUD/MobileHUDButtonFire.uexp" 325
"../../../Engine/Content/MobileResources/HUD/MobileHUDDirectionPad.uasset" 326
"../../../Engine/Content/MobileResources/HUD/MobileHUDDirectionPad.uexp" 327
"../../../Engine/Content/MobileResources/HUD/MobileHUDDirectionPad2.uasset" 328
"../../../Engine/Content/MobileResources/HUD/MobileHUDDirectionPad2.uexp" 329
"../../../Engine/Content/MobileResources/HUD/MobileHUDDirectionPad3.uasset" 330
"../../../Engine/Content/MobileResources/HUD/MobileHUDDirectionPad3.uexp" 331
"../../../Engine/Content/MobileResources/HUD/MobileHUDDirectionStick.uasset" 332
"../../../Engine/Content/MobileResources/HUD/MobileHUDDirectionStick.uexp" 333
"../../../Engine/Content/MobileResources/HUD/T_Castle_ThumbstickInner.uasset" 334
"../../../Engine/Content/MobileResources/HUD/T_Castle_ThumbstickInner.uexp" 335
"../../../Engine/Content/MobileResources/HUD/T_Castle_ThumbstickOutter.uasset" 336
"../../../Engine/Content/MobileResources/HUD/T_Castle_ThumbstickOutter.uexp" 337
"../../../Engine/Content/Tutorial/ContentIntroCurve.uasset" 338
"../../../Engine/Content/Tutorial/ContentIntroCurve.uexp" 339
"../../../Engine/Content/Tutorial/BlueprintTutorials/TutorialAssets/Blueprint_64x.uasset" 340
"../../../Engine/Content/Tutorial/BlueprintTutorials/TutorialAssets/Blueprint_64x.uexp" 341
"../../../Engine/Content/VREditor/TransformGizmo/TranslucentTransformGizmoMaterial.uasset" 342
"../../../Engine/Content/VREditor/TransformGizmo/TranslucentTransformGizmoMaterial.uexp" 343
"../../../Engine/Content/VREditor/LaserPointer/VR_LaserPower_01.uasset" 344
"../../../Engine/Content/VREditor/LaserPointer/VR_LaserPower_01.uexp" 345
"../../../Engine/Content/VREditor/LaserPointer/VR_LaserPower_01.ubulk" 346
"../../../Engine/Content/VREditor/TransformGizmo/TransformGizmoMaterial.uasset" 347
"../../../Engine/Content/VREditor/TransformGizmo/TransformGizmoMaterial.uexp" 348
"../../../Engine/Content/VREditor/TransformGizmo/BoundingBoxCorner.uasset" 349
"../../../Engine/Content/VREditor/TransformGizmo/BoundingBoxCorner.uexp" 350
"../../../Engine/Content/VREditor/TransformGizmo/BoundingBoxEdge.uasset" 351
"../../../Engine/Content/VREditor/TransformGizmo/BoundingBoxEdge.uexp" 352
"../../../Engine/Content/VREditor/TransformGizmo/PlaneTranslationHandle.uasset" 353
"../../../Engine/Content/VREditor/TransformGizmo/PlaneTranslationHandle.uexp" 354
"../../../Engine/Content/VREditor/TransformGizmo/Xray.uasset" 355
"../../../Engine/Content/VREditor/TransformGizmo/Xray.uexp" 356
"../../../Engine/Content/VREditor/TransformGizmo/Main.uasset" 357
"../../../Engine/Content/VREditor/TransformGizmo/Main.uexp" 358
"../../../Engine/Content/VREditor/TransformGizmo/SM_Sequencer_Key.uasset" 359
"../../../Engine/Content/VREditor/TransformGizmo/SM_Sequencer_Key.uexp" 360
"../../../Engine/Content/VREditor/TransformGizmo/SM_Sequencer_Node.uasset" 361
"../../../Engine/Content/VREditor/TransformGizmo/SM_Sequencer_Node.uexp" 362
"../../../Engine/Plugins/2D/Paper2D/Content/PlaceholderTextures/DummySpriteTexture.uasset" 363
"../../../Engine/Plugins/2D/Paper2D/Content/PlaceholderTextures/DummySpriteTexture.uexp" 364
"../../../Engine/Plugins/2D/Paper2D/Content/PlaceholderTextures/DummySpriteTexture.ubulk" 365
"../../../Engine/Plugins/2D/Paper2D/Content/DummySprite.uasset" 366
"../../../Engine/Plugins/2D/Paper2D/Content/DummySprite.uexp" 367
"../../../Engine/Plugins/2D/Paper2D/Content/DefaultPaperTerrainMaterial.uasset" 368
"../../../Engine/Plugins/2D/Paper2D/Content/DefaultPaperTerrainMaterial.uexp" 369
"../../../Engine/Plugins/2D/Paper2D/Content/DefaultSpriteMaterial.uasset" 370
"../../../Engine/Plugins/2D/Paper2D/Content/DefaultSpriteMaterial.uexp" 371
"../../../Engine/Plugins/2D/Paper2D/Content/MaskedUnlitSpriteMaterial.uasset" 372
"../../../Engine/Plugins/2D/Paper2D/Content/MaskedUnlitSpriteMaterial.uexp" 373
"../../../Engine/Plugins/2D/Paper2D/Content/OpaqueUnlitSpriteMaterial.uasset" 374
"../../../Engine/Plugins/2D/Paper2D/Content/OpaqueUnlitSpriteMaterial.uexp" 375
"../../../Engine/Content/Functions/Engine_MaterialFunctions02/Utility/BreakOutFloat3Components.uasset" 376
"../../../Engine/Content/Functions/Engine_MaterialFunctions02/Utility/BreakOutFloat3Components.uexp" 377
"../../../Engine/Plugins/Editor/SpeedTreeImporter/Content/SpeedTree9/UnpackInteger3.uasset" 378
"../../../Engine/Plugins/Editor/SpeedTreeImporter/Content/SpeedTree9/UnpackInteger3.uexp" 379
"../../../Engine/Plugins/Editor/SpeedTreeImporter/Content/SpeedTree9/UnpackDirection.uasset" 380
"../../../Engine/Plugins/Editor/SpeedTreeImporter/Content/SpeedTree9/UnpackDirection.uexp" 381
"../../../Engine/Plugins/Editor/SpeedTreeImporter/Content/SpeedTree9/game_wind_noise.uasset" 382
"../../../Engine/Plugins/Editor/SpeedTreeImporter/Content/SpeedTree9/game_wind_noise.uexp" 383
"../../../Engine/Plugins/Editor/SpeedTreeImporter/Content/SpeedTree9/game_wind_noise.ubulk" 384
"../../../Engine/Content/Functions/Engine_MaterialFunctions02/SafeNormalize.uasset" 385
"../../../Engine/Content/Functions/Engine_MaterialFunctions02/SafeNormalize.uexp" 386
"../../../Engine/Plugins/Editor/SpeedTreeImporter/Content/SpeedTree9/SpeedTreeWindMotion.uasset" 387
"../../../Engine/Plugins/Editor/SpeedTreeImporter/Content/SpeedTree9/SpeedTreeWindMotion.uexp" 388
"../../../Engine/Plugins/Editor/SpeedTreeImporter/Content/SpeedTree9/SpeedTreeBranchMotion.uasset" 389
"../../../Engine/Plugins/Editor/SpeedTreeImporter/Content/SpeedTree9/SpeedTreeBranchMotion.uexp" 390
"../../../Engine/Content/Functions/Engine_MaterialFunctions02/ObjectLocalBounds.uasset" 391
"../../../Engine/Content/Functions/Engine_MaterialFunctions02/ObjectLocalBounds.uexp" 392
"../../../Engine/Content/Functions/Engine_MaterialFunctions02/UVs/BoundingBoxBased_0-1_UVW.uasset" 393
"../../../Engine/Content/Functions/Engine_MaterialFunctions02/UVs/BoundingBoxBased_0-1_UVW.uexp" 394
"../../../Engine/Content/Functions/Engine_MaterialFunctions02/Utility/VectorLength.uasset" 395
"../../../Engine/Content/Functions/Engine_MaterialFunctions02/Utility/VectorLength.uexp" 396
"../../../Engine/Content/Functions/Engine_MaterialFunctions02/WorldPositionOffset/ObjectScale.uasset" 397
"../../../Engine/Content/Functions/Engine_MaterialFunctions02/WorldPositionOffset/ObjectScale.uexp" 398
"../../../Engine/Plugins/Editor/SpeedTreeImporter/Content/SpeedTree9/SpeedTreeWind.uasset" 399
"../../../Engine/Plugins/Editor/SpeedTreeImporter/Content/SpeedTree9/SpeedTreeWind.uexp" 400
"../../../Engine/Plugins/Editor/SpeedTreeImporter/Content/SpeedTree9/SpeedTreeBillboard.uasset" 401
"../../../Engine/Plugins/Editor/SpeedTreeImporter/Content/SpeedTree9/SpeedTreeBillboard.uexp" 402
"../../../Engine/Plugins/Editor/SpeedTreeImporter/Content/SpeedTree9/EmptyNormal.uasset" 403
"../../../Engine/Plugins/Editor/SpeedTreeImporter/Content/SpeedTree9/EmptyNormal.uexp" 404
"../../../Engine/Plugins/Editor/SpeedTreeImporter/Content/SpeedTree9/Empty.uasset" 405
"../../../Engine/Plugins/Editor/SpeedTreeImporter/Content/SpeedTree9/Empty.uexp" 406
"../../../Engine/Plugins/Editor/SpeedTreeImporter/Content/SpeedTree9/SpeedTreeBillboardMaster.uasset" 407
"../../../Engine/Plugins/Editor/SpeedTreeImporter/Content/SpeedTree9/SpeedTreeBillboardMaster.uexp" 408
"../../../Engine/Plugins/Editor/SpeedTreeImporter/Content/SpeedTree9/SpeedTreeCameraFacing.uasset" 409
"../../../Engine/Plugins/Editor/SpeedTreeImporter/Content/SpeedTree9/SpeedTreeCameraFacing.uexp" 410
"../../../Engine/Plugins/Editor/SpeedTreeImporter/Content/SpeedTree9/SpeedTreeMaster.uasset" 411
"../../../Engine/Plugins/Editor/SpeedTreeImporter/Content/SpeedTree9/SpeedTreeMaster.uexp" 412
"../../../Engine/Content/ArtTools/RenderToTexture/Materials/Debug/M_Emissive_Color.uasset" 413
"../../../Engine/Content/ArtTools/RenderToTexture/Materials/Debug/M_Emissive_Color.uexp" 414
"../../../Engine/Content/BasicShapes/Cylinder.uasset" 415
"../../../Engine/Content/BasicShapes/Cylinder.uexp" 416
"../../../Engine/Plugins/Runtime/OpenXR/Content/Devices/GoogleDaydream/MRTexture.uasset" 417
"../../../Engine/Plugins/Runtime/OpenXR/Content/Devices/GoogleDaydream/MRTexture.uexp" 418
"../../../Engine/Plugins/Runtime/OpenXR/Content/Devices/GoogleDaydream/MRTexture.ubulk" 419
"../../../Engine/Plugins/Runtime/OpenXR/Content/Devices/GoogleDaydream/BaseTexture.uasset" 420
"../../../Engine/Plugins/Runtime/OpenXR/Content/Devices/GoogleDaydream/BaseTexture.uexp" 421
"../../../Engine/Plugins/Runtime/OpenXR/Content/Devices/GoogleDaydream/BaseTexture.ubulk" 422
"../../../Engine/Content/EngineResources/Black.uasset" 423
"../../../Engine/Content/EngineResources/Black.uexp" 424
"../../../Engine/Plugins/Runtime/OpenXR/Content/Devices/M_XRController.uasset" 425
"../../../Engine/Plugins/Runtime/OpenXR/Content/Devices/M_XRController.uexp" 426
"../../../Engine/Plugins/Runtime/OpenXR/Content/Devices/GoogleDaydream/MI_GoogleDaydream.uasset" 427
"../../../Engine/Plugins/Runtime/OpenXR/Content/Devices/GoogleDaydream/MI_GoogleDaydream.uexp" 428
"../../../Engine/Plugins/Runtime/OpenXR/Content/Devices/GoogleDaydream/GoogleDaydreamController.uasset" 429
"../../../Engine/Plugins/Runtime/OpenXR/Content/Devices/GoogleDaydream/GoogleDaydreamController.uexp" 430
"../../../Engine/Plugins/Runtime/OpenXR/Content/Devices/HTCVive/BaseTexture.uasset" 431
"../../../Engine/Plugins/Runtime/OpenXR/Content/Devices/HTCVive/BaseTexture.uexp" 432
"../../../Engine/Plugins/Runtime/OpenXR/Content/Devices/HTCVive/BaseTexture.ubulk" 433
"../../../Engine/Plugins/Runtime/OpenXR/Content/Devices/HTCVive/MI_HTCVive.uasset" 434
"../../../Engine/Plugins/Runtime/OpenXR/Content/Devices/HTCVive/MI_HTCVive.uexp" 435
"../../../Engine/Plugins/Runtime/OpenXR/Content/Devices/HTCVive/HTCViveController.uasset" 436
"../../../Engine/Plugins/Runtime/OpenXR/Content/Devices/HTCVive/HTCViveController.uexp" 437
"../../../Engine/Plugins/Runtime/OpenXR/Content/Devices/MicrosoftMixedReality/NormalTexture.uasset" 438
"../../../Engine/Plugins/Runtime/OpenXR/Content/Devices/MicrosoftMixedReality/NormalTexture.uexp" 439
"../../../Engine/Plugins/Runtime/OpenXR/Content/Devices/MicrosoftMixedReality/NormalTexture.ubulk" 440
"../../../Engine/Plugins/Runtime/OpenXR/Content/Devices/MicrosoftMixedReality/MRTexture.uasset" 441
"../../../Engine/Plugins/Runtime/OpenXR/Content/Devices/MicrosoftMixedReality/MRTexture.uexp" 442
"../../../Engine/Plugins/Runtime/OpenXR/Content/Devices/MicrosoftMixedReality/MRTexture.ubulk" 443
"../../../Engine/Plugins/Runtime/OpenXR/Content/Devices/MicrosoftMixedReality/EmissiveTexture.uasset" 444
"../../../Engine/Plugins/Runtime/OpenXR/Content/Devices/MicrosoftMixedReality/EmissiveTexture.uexp" 445
"../../../Engine/Plugins/Runtime/OpenXR/Content/Devices/MicrosoftMixedReality/EmissiveTexture.ubulk" 446
"../../../Engine/Plugins/Runtime/OpenXR/Content/Devices/MicrosoftMixedReality/BaseTexture.uasset" 447
"../../../Engine/Plugins/Runtime/OpenXR/Content/Devices/MicrosoftMixedReality/BaseTexture.uexp" 448
"../../../Engine/Plugins/Runtime/OpenXR/Content/Devices/MicrosoftMixedReality/BaseTexture.ubulk" 449
"../../../Engine/Plugins/Runtime/OpenXR/Content/Devices/MicrosoftMixedReality/MI_MicrosoftMixedReality.uasset" 450
"../../../Engine/Plugins/Runtime/OpenXR/Content/Devices/MicrosoftMixedReality/MI_MicrosoftMixedReality.uexp" 451
"../../../Engine/Plugins/Runtime/OpenXR/Content/Devices/MicrosoftMixedReality/Left/left_MicrosoftMixedRealityController.uasset" 452
"../../../Engine/Plugins/Runtime/OpenXR/Content/Devices/MicrosoftMixedReality/Left/left_MicrosoftMixedRealityController.uexp" 453
"../../../Engine/Plugins/Runtime/OpenXR/Content/Devices/MicrosoftMixedReality/Right/right_MicrosoftMixedRealityController.uasset" 454
"../../../Engine/Plugins/Runtime/OpenXR/Content/Devices/MicrosoftMixedReality/Right/right_MicrosoftMixedRealityController.uexp" 455
"../../../Engine/Plugins/Runtime/OpenXR/Content/Devices/OculusGo/BaseTexture.uasset" 456
"../../../Engine/Plugins/Runtime/OpenXR/Content/Devices/OculusGo/BaseTexture.uexp" 457
"../../../Engine/Plugins/Runtime/OpenXR/Content/Devices/OculusGo/BaseTexture.ubulk" 458
"../../../Engine/Plugins/Runtime/OpenXR/Content/Devices/OculusGo/MI_OculusGo.uasset" 459
"../../../Engine/Plugins/Runtime/OpenXR/Content/Devices/OculusGo/MI_OculusGo.uexp" 460
"../../../Engine/Plugins/Runtime/OpenXR/Content/Devices/OculusGo/OculusGoController.uasset" 461
"../../../Engine/Plugins/Runtime/OpenXR/Content/Devices/OculusGo/OculusGoController.uexp" 462
"../../../Engine/Plugins/Runtime/OpenXR/Content/Devices/OculusTouch/MRTexture.uasset" 463
"../../../Engine/Plugins/Runtime/OpenXR/Content/Devices/OculusTouch/MRTexture.uexp" 464
"../../../Engine/Plugins/Runtime/OpenXR/Content/Devices/OculusTouch/MRTexture.ubulk" 465
"../../../Engine/Plugins/Runtime/OpenXR/Content/Devices/OculusTouch/BaseTexture.uasset" 466
"../../../Engine/Plugins/Runtime/OpenXR/Content/Devices/OculusTouch/BaseTexture.uexp" 467
"../../../Engine/Plugins/Runtime/OpenXR/Content/Devices/OculusTouch/BaseTexture.ubulk" 468
"../../../Engine/Plugins/Runtime/OpenXR/Content/Devices/OculusTouch/MI_OculusTouch.uasset" 469
"../../../Engine/Plugins/Runtime/OpenXR/Content/Devices/OculusTouch/MI_OculusTouch.uexp" 470
"../../../Engine/Plugins/Runtime/OpenXR/Content/Devices/OculusTouch/Left/left_OculusTouchController.uasset" 471
"../../../Engine/Plugins/Runtime/OpenXR/Content/Devices/OculusTouch/Left/left_OculusTouchController.uexp" 472
"../../../Engine/Plugins/Runtime/OpenXR/Content/Devices/OculusTouch/Right/right_OculusTouchController.uasset" 473
"../../../Engine/Plugins/Runtime/OpenXR/Content/Devices/OculusTouch/Right/right_OculusTouchController.uexp" 474
"../../../Engine/Plugins/Runtime/OpenXR/Content/Devices/OculusTouch_v2/MRTexture.uasset" 475
"../../../Engine/Plugins/Runtime/OpenXR/Content/Devices/OculusTouch_v2/MRTexture.uexp" 476
"../../../Engine/Plugins/Runtime/OpenXR/Content/Devices/OculusTouch_v2/MRTexture.ubulk" 477
"../../../Engine/Plugins/Runtime/OpenXR/Content/Devices/OculusTouch_v2/BaseTexture.uasset" 478
"../../../Engine/Plugins/Runtime/OpenXR/Content/Devices/OculusTouch_v2/BaseTexture.uexp" 479
"../../../Engine/Plugins/Runtime/OpenXR/Content/Devices/OculusTouch_v2/BaseTexture.ubulk" 480
"../../../Engine/Plugins/Runtime/OpenXR/Content/Devices/OculusTouch_v2/MI_OculusTouch_v2.uasset" 481
"../../../Engine/Plugins/Runtime/OpenXR/Content/Devices/OculusTouch_v2/MI_OculusTouch_v2.uexp" 482
"../../../Engine/Plugins/Runtime/OpenXR/Content/Devices/OculusTouch_v2/Left/left_OculusTouch_v2Controller.uasset" 483
"../../../Engine/Plugins/Runtime/OpenXR/Content/Devices/OculusTouch_v2/Left/left_OculusTouch_v2Controller.uexp" 484
"../../../Engine/Plugins/Runtime/OpenXR/Content/Devices/OculusTouch_v2/Right/right_OculusTouch_v2Controller.uasset" 485
"../../../Engine/Plugins/Runtime/OpenXR/Content/Devices/OculusTouch_v2/Right/right_OculusTouch_v2Controller.uexp" 486
"../../../Engine/Plugins/Runtime/OpenXR/Content/Devices/OculusTouch_v3/MRTexture.uasset" 487
"../../../Engine/Plugins/Runtime/OpenXR/Content/Devices/OculusTouch_v3/MRTexture.uexp" 488
"../../../Engine/Plugins/Runtime/OpenXR/Content/Devices/OculusTouch_v3/MRTexture.ubulk" 489
"../../../Engine/Plugins/Runtime/OpenXR/Content/Devices/OculusTouch_v3/BaseTexture.uasset" 490
"../../../Engine/Plugins/Runtime/OpenXR/Content/Devices/OculusTouch_v3/BaseTexture.uexp" 491
"../../../Engine/Plugins/Runtime/OpenXR/Content/Devices/OculusTouch_v3/BaseTexture.ubulk" 492
"../../../Engine/Plugins/Runtime/OpenXR/Content/Devices/OculusTouch_v3/MI_OculusTouch_v3.uasset" 493
"../../../Engine/Plugins/Runtime/OpenXR/Content/Devices/OculusTouch_v3/MI_OculusTouch_v3.uexp" 494
"../../../Engine/Plugins/Runtime/OpenXR/Content/Devices/OculusTouch_v3/Left/left_OculusTouch_v3Controller.uasset" 495
"../../../Engine/Plugins/Runtime/OpenXR/Content/Devices/OculusTouch_v3/Left/left_OculusTouch_v3Controller.uexp" 496
"../../../Engine/Plugins/Runtime/OpenXR/Content/Devices/OculusTouch_v3/Right/right_OculusTouch_v3Controller.uasset" 497
"../../../Engine/Plugins/Runtime/OpenXR/Content/Devices/OculusTouch_v3/Right/right_OculusTouch_v3Controller.uexp" 498
"../../../Engine/Plugins/Runtime/OpenXR/Content/Devices/ValveIndex/MRTexture.uasset" 499
"../../../Engine/Plugins/Runtime/OpenXR/Content/Devices/ValveIndex/MRTexture.uexp" 500
"../../../Engine/Plugins/Runtime/OpenXR/Content/Devices/ValveIndex/MRTexture.ubulk" 501
"../../../Engine/Plugins/Runtime/OpenXR/Content/Devices/ValveIndex/BaseTexture.uasset" 502
"../../../Engine/Plugins/Runtime/OpenXR/Content/Devices/ValveIndex/BaseTexture.uexp" 503
"../../../Engine/Plugins/Runtime/OpenXR/Content/Devices/ValveIndex/BaseTexture.ubulk" 504
"../../../Engine/Plugins/Runtime/OpenXR/Content/Devices/ValveIndex/Left/MI_left_ValveIndex.uasset" 505
"../../../Engine/Plugins/Runtime/OpenXR/Content/Devices/ValveIndex/Left/MI_left_ValveIndex.uexp" 506
"../../../Engine/Plugins/Runtime/OpenXR/Content/Devices/ValveIndex/Left/left_ValveIndexController.uasset" 507
"../../../Engine/Plugins/Runtime/OpenXR/Content/Devices/ValveIndex/Left/left_ValveIndexController.uexp" 508
"../../../Engine/Plugins/Runtime/OpenXR/Content/Devices/ValveIndex/Right/MI_right_ValveIndex.uasset" 509
"../../../Engine/Plugins/Runtime/OpenXR/Content/Devices/ValveIndex/Right/MI_right_ValveIndex.uexp" 510
"../../../Engine/Plugins/Runtime/OpenXR/Content/Devices/ValveIndex/Right/right_ValveIndexController.uasset" 511
"../../../Engine/Plugins/Runtime/OpenXR/Content/Devices/ValveIndex/Right/right_ValveIndexController.uexp" 512
"../../../Engine/Content/Functions/Engine_MaterialFunctions02/Utility/BreakOutFloat4Components.uasset" 513
"../../../Engine/Content/Functions/Engine_MaterialFunctions02/Utility/BreakOutFloat4Components.uexp" 514
"../../../Engine/Content/Functions/Engine_MaterialFunctions02/Utility/MakeFloat3.uasset" 515
"../../../Engine/Content/Functions/Engine_MaterialFunctions02/Utility/MakeFloat3.uexp" 516
"../../../Engine/Plugins/Runtime/Oculus/OculusVR/Content/Materials/OculusMR_ChromaKey.uasset" 517
"../../../Engine/Plugins/Runtime/Oculus/OculusVR/Content/Materials/OculusMR_ChromaKey.uexp" 518
"../../../Engine/Plugins/Runtime/Oculus/OculusVR/Content/Materials/OculusMR_OpaqueColoredMaterial.uasset" 519
"../../../Engine/Plugins/Runtime/Oculus/OculusVR/Content/Materials/OculusMR_OpaqueColoredMaterial.uexp" 520
"../../../Engine/Plugins/Runtime/Oculus/OculusVR/Content/Materials/PokeAHoleMaterial.uasset" 521
"../../../Engine/Plugins/Runtime/Oculus/OculusVR/Content/Materials/PokeAHoleMaterial.uexp" 522
"../../../Engine/Plugins/Runtime/Oculus/OculusVR/Content/Textures/touchController_controlmap.uasset" 523
"../../../Engine/Plugins/Runtime/Oculus/OculusVR/Content/Textures/touchController_controlmap.uexp" 524
"../../../Engine/Plugins/Runtime/Oculus/OculusVR/Content/Textures/touchController_controlmap.ubulk" 525
"../../../Engine/Plugins/Runtime/Oculus/OculusVR/Content/Textures/touchController_albedo.uasset" 526
"../../../Engine/Plugins/Runtime/Oculus/OculusVR/Content/Textures/touchController_albedo.uexp" 527
"../../../Engine/Plugins/Runtime/Oculus/OculusVR/Content/Textures/touchController_albedo.ubulk" 528
"../../../Engine/Plugins/Runtime/Oculus/OculusVR/Content/Materials/touchController_mat.uasset" 529
"../../../Engine/Plugins/Runtime/Oculus/OculusVR/Content/Materials/touchController_mat.uexp" 530
"../../../Engine/Plugins/Runtime/Oculus/OculusVR/Content/Meshes/LeftTouchController.uasset" 531
"../../../Engine/Plugins/Runtime/Oculus/OculusVR/Content/Meshes/LeftTouchController.uexp" 532
"../../../Engine/Plugins/Runtime/Oculus/OculusVR/Content/Textures/TouchForQuestRiftSController_albedo.uasset" 533
"../../../Engine/Plugins/Runtime/Oculus/OculusVR/Content/Textures/TouchForQuestRiftSController_albedo.uexp" 534
"../../../Engine/Plugins/Runtime/Oculus/OculusVR/Content/Textures/TouchForQuestRiftSController_albedo.ubulk" 535
"../../../Engine/Plugins/Runtime/Oculus/OculusVR/Content/Materials/TouchForQuestRiftSControllerMaterial.uasset" 536
"../../../Engine/Plugins/Runtime/Oculus/OculusVR/Content/Materials/TouchForQuestRiftSControllerMaterial.uexp" 537
"../../../Engine/Plugins/Runtime/Oculus/OculusVR/Content/Meshes/LeftTouchForQuestRiftSController.uasset" 538
"../../../Engine/Plugins/Runtime/Oculus/OculusVR/Content/Meshes/LeftTouchForQuestRiftSController.uexp" 539
"../../../Engine/Plugins/Runtime/Oculus/OculusVR/Content/Meshes/RiftHMD.uasset" 540
"../../../Engine/Plugins/Runtime/Oculus/OculusVR/Content/Meshes/RiftHMD.uexp" 541
"../../../Engine/Plugins/Runtime/Oculus/OculusVR/Content/Meshes/RightTouchController.uasset" 542
"../../../Engine/Plugins/Runtime/Oculus/OculusVR/Content/Meshes/RightTouchController.uexp" 543
"../../../Engine/Plugins/Runtime/Oculus/OculusVR/Content/Meshes/RightTouchForQuestRiftSController.uasset" 544
"../../../Engine/Plugins/Runtime/Oculus/OculusVR/Content/Meshes/RightTouchForQuestRiftSController.uexp" 545
"C:/Users/mario/Documents/MyProjectUA/Content/Placeable/Materials/Texture_Atlas.uasset" 546
"C:/Users/mario/Documents/MyProjectUA/Content/Placeable/Materials/Texture_Atlas.uexp" 547
"C:/Users/mario/Documents/MyProjectUA/Content/Placeable/Materials/Texture_Atlas.ubulk" 548
"C:/Users/mario/Documents/MyProjectUA/Content/Placeable/Materials/M_Texture_Atlas.uasset" 549
"C:/Users/mario/Documents/MyProjectUA/Content/Placeable/Materials/M_Texture_Atlas.uexp" 550
"C:/Users/mario/Documents/MyProjectUA/Content/Placeable/Meshes/SM_Floor_4A.uasset" 551
"C:/Users/mario/Documents/MyProjectUA/Content/Placeable/Meshes/SM_Floor_4A.uexp" 552
"C:/Users/mario/Documents/MyProjectUA/Content/Placeable/Meshes/SM_Floor_3A.uasset" 553
"C:/Users/mario/Documents/MyProjectUA/Content/Placeable/Meshes/SM_Floor_3A.uexp" 554
"C:/Users/mario/Documents/MyProjectUA/Content/Placeable/Meshes/coffin_INNER_CLOTH.uasset" 555
"C:/Users/mario/Documents/MyProjectUA/Content/Placeable/Meshes/coffin_INNER_CLOTH.uexp" 556
"../../../Engine/Content/EngineSky/T_Sky_Stars.uasset" 557
"../../../Engine/Content/EngineSky/T_Sky_Stars.uexp" 558
"../../../Engine/Content/EngineSky/T_Sky_Stars.ubulk" 559
"../../../Engine/Content/EngineSky/T_Sky_Clouds_M.uasset" 560
"../../../Engine/Content/EngineSky/T_Sky_Clouds_M.uexp" 561
"../../../Engine/Content/EngineSky/T_Sky_Clouds_M.ubulk" 562
"../../../Engine/Content/EngineSky/T_Sky_Blue.uasset" 563
"../../../Engine/Content/EngineSky/T_Sky_Blue.uexp" 564
"../../../Engine/Content/EngineSky/T_Sky_Blue.ubulk" 565
"../../../Engine/Content/EngineMeshes/Cube.uasset" 566
"../../../Engine/Content/EngineMeshes/Cube.uexp" 567
"C:/Users/mario/Documents/MyProjectUA/Content/Placeable/Materials/Texture_Atlas_3.uasset" 568
"C:/Users/mario/Documents/MyProjectUA/Content/Placeable/Materials/Texture_Atlas_3.uexp" 569
"C:/Users/mario/Documents/MyProjectUA/Content/Placeable/Materials/suelo.uasset" 570
"C:/Users/mario/Documents/MyProjectUA/Content/Placeable/Materials/suelo.uexp" 571
"C:/Users/mario/Documents/MyProjectUA/Content/Placeable/Materials/Texture_Atlas_4.uasset" 572
"C:/Users/mario/Documents/MyProjectUA/Content/Placeable/Materials/Texture_Atlas_4.uexp" 573
"C:/Users/mario/Documents/MyProjectUA/Content/Placeable/Materials/sarcofago.uasset" 574
"C:/Users/mario/Documents/MyProjectUA/Content/Placeable/Materials/sarcofago.uexp" 575
"C:/Users/mario/Documents/MyProjectUA/Content/Placeable/Materials/Texture_Atlas_2.uasset" 576
"C:/Users/mario/Documents/MyProjectUA/Content/Placeable/Materials/Texture_Atlas_2.uexp" 577
"C:/Users/mario/Documents/MyProjectUA/Content/Placeable/Materials/pared.uasset" 578
"C:/Users/mario/Documents/MyProjectUA/Content/Placeable/Materials/pared.uexp" 579
"../../../Engine/Content/EngineSky/M_Sky_Panning_Clouds2.uasset" 580
"../../../Engine/Content/EngineSky/M_Sky_Panning_Clouds2.uexp" 581
"../../../Engine/Content/EditorBlueprintResources/StandardMacros.uasset" 582
"../../../Engine/Content/EditorBlueprintResources/StandardMacros.uexp" 583
"C:/Users/mario/Documents/MyProjectUA/Content/Placeable/Meshes/coffin_LID.uasset" 584
"C:/Users/mario/Documents/MyProjectUA/Content/Placeable/Meshes/coffin_LID.uexp" 585
"C:/Users/mario/Documents/MyProjectUA/Content/Placeable/Meshes/Puerta1_2.uasset" 586
"C:/Users/mario/Documents/MyProjectUA/Content/Placeable/Meshes/Puerta1_2.uexp" 587
"C:/Users/mario/Documents/MyProjectUA/Content/Placeable/Meshes/Puerta1.uasset" 588
"C:/Users/mario/Documents/MyProjectUA/Content/Placeable/Meshes/Puerta1.uexp" 589
"C:/Users/mario/Documents/MyProjectUA/Content/Placeable/Meshes/AntorchaFuegoo.uasset" 590
"C:/Users/mario/Documents/MyProjectUA/Content/Placeable/Meshes/AntorchaFuegoo.uexp" 591
"../../../Engine/Content/EngineSky/SM_SkySphere.uasset" 592
"../../../Engine/Content/EngineSky/SM_SkySphere.uexp" 593
"../../../Engine/Content/EngineSky/C_Sky_Zenith_Color.uasset" 594
"../../../Engine/Content/EngineSky/C_Sky_Zenith_Color.uexp" 595
"../../../Engine/Content/EngineSky/C_Sky_Horizon_Color.uasset" 596
"../../../Engine/Content/EngineSky/C_Sky_Horizon_Color.uexp" 597
"../../../Engine/Content/EngineSky/C_Sky_Cloud_Color.uasset" 598
"../../../Engine/Content/EngineSky/C_Sky_Cloud_Color.uexp" 599
"../../../Engine/Content/EngineSky/BP_Sky_Sphere.uasset" 600
"../../../Engine/Content/EngineSky/BP_Sky_Sphere.uexp" 601
"C:/Users/mario/Documents/MyProjectUA/Content/Player/BP_Pawn.uasset" 602
"C:/Users/mario/Documents/MyProjectUA/Content/Player/BP_Pawn.uexp" 603
"C:/Users/mario/Documents/MyProjectUA/Content/Core/GM_UAMode.uasset" 604
"C:/Users/mario/Documents/MyProjectUA/Content/Core/GM_UAMode.uexp" 605
"C:/Users/mario/Documents/MyProjectUA/Content/Map/Game.uexp" 606
"C:/Users/mario/Documents/MyProjectUA/Content/Map/Game.umap" 607
"../../../Engine/Content/Maps/Entry_BuiltData.uasset" 608
"../../../Engine/Content/Maps/Entry_BuiltData.uexp" 609
"../../../Engine/Content/Maps/Entry.uexp" 610
"../../../Engine/Content/Maps/Entry.umap" 611
"../../../Engine/Content/MapTemplates/SM_Template_Map_Floor.uasset" 612
"../../../Engine/Content/MapTemplates/SM_Template_Map_Floor.uexp" 613
"../../../Engine/Content/Maps/Templates/Template_Default_BuiltData.uasset" 614
"../../../Engine/Content/Maps/Templates/Template_Default_BuiltData.uexp" 615
"../../../Engine/Content/Maps/Templates/Template_Default_BuiltData.ubulk" 616
"../../../Engine/Content/Maps/Templates/Template_Default.uexp" 617
"../../../Engine/Content/Maps/Templates/Template_Default.umap" 618
